<?xml version="1.0" encoding="UTF-8"?>
<!-- Generated by org.testng.reporters.JUnitXMLReporter -->
<testsuite hostname="LAPTOP-KGC5D2TF" ignored="0" name="Default test" tests="4" failures="0" timestamp="2020-05-24T19:54:55 ART" time="8.346" errors="0">
  <testcase name="f" time="2.351" classname="Pruebas.Laboratorio4_E2"/>
  <testcase name="ingreso" time="1.798" classname="Pruebas.Laboratorio4_E2"/>
  <testcase name="ingreso" time="1.687" classname="Pruebas.Laboratorio4_E2"/>
  <testcase name="ingreso" time="1.734" classname="Pruebas.Laboratorio4_E2"/>
</testsuite> <!-- Default test -->
