<?xml version="1.0" encoding="UTF-8"?>
<!-- Generated by org.testng.reporters.JUnitXMLReporter -->
<testsuite hostname="LAPTOP-KGC5D2TF" ignored="0" name="Test" tests="3" failures="0" timestamp="2020-05-20T19:01:26 ART" time="24.821" errors="0">
  <testcase name="f" time="1.987" classname="Pruebas.Laboratorio3_E2"/>
  <testcase name="ingreso" time="3.133" classname="Pruebas.Laboratorio3_E2"/>
  <testcase name="registroUsuario" time="2.108" classname="Pruebas.Laboratorio3_E1"/>
</testsuite> <!-- Test -->
