<?xml version="1.0" encoding="UTF-8"?>
<testng-results skipped="0" failed="0" ignored="0" total="4" passed="4">
  <reporter-output>
  </reporter-output>
  <suite name="Default suite" duration-ms="8346" started-at="2020-05-24T19:54:46 ART" finished-at="2020-05-24T19:54:55 ART">
    <groups>
    </groups>
    <test name="Default test" duration-ms="8346" started-at="2020-05-24T19:54:46 ART" finished-at="2020-05-24T19:54:55 ART">
      <class name="Pruebas.Laboratorio4_E2">
        <test-method status="PASS" signature="SetUp()[pri:0, instance:Pruebas.Laboratorio4_E2@6acdbdf5]" name="SetUp" is-config="true" duration-ms="11519" started-at="2020-05-24T19:54:35 ART" finished-at="2020-05-24T19:54:46 ART">
          <reporter-output>
          </reporter-output>
        </test-method> <!-- SetUp -->
        <test-method status="PASS" signature="f()[pri:0, instance:Pruebas.Laboratorio4_E2@6acdbdf5]" name="f" duration-ms="2351" started-at="2020-05-24T19:54:46 ART" finished-at="2020-05-24T19:54:49 ART">
          <reporter-output>
          </reporter-output>
        </test-method> <!-- f -->
        <test-method status="PASS" signature="ingreso(java.lang.String, java.lang.String)[pri:1, instance:Pruebas.Laboratorio4_E2@6acdbdf5]" name="ingreso" duration-ms="1798" started-at="2020-05-24T19:54:49 ART" data-provider="Registro invalido excel" finished-at="2020-05-24T19:54:51 ART">
          <params>
            <param index="0">
              <value>
                <![CDATA[jose]]>
              </value>
            </param>
            <param index="1">
              <value>
                <![CDATA[123456]]>
              </value>
            </param>
          </params>
          <reporter-output>
          </reporter-output>
        </test-method> <!-- ingreso -->
        <test-method status="PASS" signature="ingreso(java.lang.String, java.lang.String)[pri:1, instance:Pruebas.Laboratorio4_E2@6acdbdf5]" name="ingreso" duration-ms="1687" started-at="2020-05-24T19:54:51 ART" data-provider="Registro invalido excel" finished-at="2020-05-24T19:54:53 ART">
          <params>
            <param index="0">
              <value>
                <![CDATA[pepe]]>
              </value>
            </param>
            <param index="1">
              <value>
                <![CDATA[846546]]>
              </value>
            </param>
          </params>
          <reporter-output>
          </reporter-output>
        </test-method> <!-- ingreso -->
        <test-method status="PASS" signature="ingreso(java.lang.String, java.lang.String)[pri:1, instance:Pruebas.Laboratorio4_E2@6acdbdf5]" name="ingreso" duration-ms="1734" started-at="2020-05-24T19:54:53 ART" data-provider="Registro invalido excel" finished-at="2020-05-24T19:54:55 ART">
          <params>
            <param index="0">
              <value>
                <![CDATA[Luis]]>
              </value>
            </param>
            <param index="1">
              <value>
                <![CDATA[huh78"]]>
              </value>
            </param>
          </params>
          <reporter-output>
          </reporter-output>
        </test-method> <!-- ingreso -->
        <test-method status="PASS" signature="afterSuite()[pri:0, instance:Pruebas.Laboratorio4_E2@6acdbdf5]" name="afterSuite" is-config="true" duration-ms="705" started-at="2020-05-24T19:54:55 ART" finished-at="2020-05-24T19:54:55 ART">
          <reporter-output>
          </reporter-output>
        </test-method> <!-- afterSuite -->
      </class> <!-- Pruebas.Laboratorio4_E2 -->
    </test> <!-- Default test -->
  </suite> <!-- Default suite -->
</testng-results>
